https://youtu.be/SDTZ7iX4vTQ
https://youtu.be/Bhk7cjjLVXI
https://youtu.be/g4cVv0kb-Fs
https://youtu.be/5RbGZZnUR3g
https://youtu.be/dkpgz3uQ58U
https://youtu.be/Ew6-ZsLToIg
https://youtu.be/Fzkvr2LVwms
https://youtu.be/YbeBLvMFAcs
https://youtu.be/w7JthgTMHDU
https://youtu.be/9wbA5eH2xoE
https://youtu.be/VRwD9JL2sO0
https://youtu.be/fvKa-Ll9Ers
https://youtu.be/7R1N-8SoqcM
https://youtu.be/nkncpcanly0
https://youtu.be/MYxAiK6VnXw
https://youtu.be/eiiU-Fky18s
https://youtu.be/3_11CVfRLbA
https://youtu.be/ebILIKHi9wo
https://youtu.be/-xKM3mGt2pE
https://youtu.be/LS7e43qVpbE
https://youtu.be/KAms8BWvV3o
https://youtu.be/8J_0wkmqq8o
https://youtu.be/DCDZKUESIPA
https://youtu.be/Z5ou8N3U8yg
https://youtu.be/wYeFAlVC8qU
https://youtu.be/z_EmuZyhqMU
https://youtu.be/9OiovrPB__I
https://youtu.be/C7cczTyQ4iY
